2026-05-12 16:33:09,661 - shared.shared_instances - INFO - Database engine initialized
2026-05-12 16:33:09,661 - shared.shared_instances - INFO - Database engine initialized
2026-05-12 16:33:09,661 - shared.shared_instances - INFO - Database engine initialized
2026-05-12 16:33:09,661 - shared.shared_instances - INFO - Database engine initialized
2026-05-12 16:33:09,661 - shared.shared_instances - INFO - Database engine initialized
2026-05-12 16:38:13,351 - shared.shared_instances - INFO - Database engine initialized
2026-05-12 16:38:13,351 - shared.shared_instances - INFO - Database engine initialized
2026-05-12 16:38:13,352 - shared.shared_instances - INFO - Database engine initialized
2026-05-12 16:38:13,352 - shared.shared_instances - INFO - Database engine initialized
2026-05-12 16:38:13,352 - shared.shared_instances - INFO - Database engine initialized
2026-05-12 16:38:30,462 - shared.shared_instances - INFO - Database engine initialized
2026-05-12 16:38:30,463 - shared.shared_instances - INFO - Database engine initialized
2026-05-12 16:38:30,463 - shared.shared_instances - INFO - Database engine initialized
2026-05-12 16:38:30,463 - shared.shared_instances - INFO - Database engine initialized
2026-05-12 16:38:30,463 - shared.shared_instances - INFO - Database engine initialized
2026-05-12 16:38:44,643 - shared.shared_instances - INFO - Database engine initialized
2026-05-12 16:38:44,643 - shared.shared_instances - INFO - Database engine initialized
2026-05-12 16:38:44,643 - shared.shared_instances - INFO - Database engine initialized
2026-05-12 16:38:44,643 - shared.shared_instances - INFO - Database engine initialized
2026-05-12 16:38:44,643 - shared.shared_instances - INFO - Database engine initialized
2026-05-12 16:46:58,412 - shared.shared_instances - INFO - Database engine initialized
2026-05-12 16:46:58,412 - shared.shared_instances - INFO - Database engine initialized
2026-05-12 16:46:58,412 - shared.shared_instances - INFO - Database engine initialized
2026-05-12 16:46:58,412 - shared.shared_instances - INFO - Database engine initialized
2026-05-12 16:46:58,413 - shared.shared_instances - INFO - Database engine initialized
2026-05-12 16:51:26,213 - shared.shared_instances - INFO - Database engine initialized
2026-05-12 16:51:26,214 - shared.shared_instances - INFO - Database engine initialized
2026-05-12 16:51:26,214 - shared.shared_instances - INFO - Database engine initialized
2026-05-12 16:51:26,214 - shared.shared_instances - INFO - Database engine initialized
2026-05-12 16:51:26,214 - shared.shared_instances - INFO - Database engine initialized
2026-05-12 16:52:16,712 - shared.shared_instances - INFO - Database engine initialized
2026-05-12 16:52:16,712 - shared.shared_instances - INFO - Database engine initialized
2026-05-12 16:52:16,712 - shared.shared_instances - INFO - Database engine initialized
2026-05-12 16:52:16,712 - shared.shared_instances - INFO - Database engine initialized
2026-05-12 16:52:16,713 - shared.shared_instances - INFO - Database engine initialized
2026-05-12 16:53:55,855 - shared.shared_instances - INFO - Database engine initialized
2026-05-12 16:53:55,856 - shared.shared_instances - INFO - Database engine initialized
2026-05-12 16:53:55,856 - shared.shared_instances - INFO - Database engine initialized
2026-05-12 16:53:55,856 - shared.shared_instances - INFO - Database engine initialized
2026-05-12 16:53:55,856 - shared.shared_instances - INFO - Database engine initialized
2026-05-12 22:45:51,307 - shared.shared_instances - INFO - Database engine initialized
2026-05-12 22:45:51,308 - shared.shared_instances - INFO - Database engine initialized
2026-05-12 22:45:51,308 - shared.shared_instances - INFO - Database engine initialized
2026-05-12 22:45:51,308 - shared.shared_instances - INFO - Database engine initialized
2026-05-12 22:45:51,308 - shared.shared_instances - INFO - Database engine initialized
2026-05-12 22:45:56,172 - shared.shared_instances - INFO - Database engine initialized
2026-05-12 22:45:56,172 - shared.shared_instances - INFO - Database engine initialized
2026-05-12 22:45:56,172 - shared.shared_instances - INFO - Database engine initialized
2026-05-12 22:45:56,172 - shared.shared_instances - INFO - Database engine initialized
2026-05-12 22:45:56,172 - shared.shared_instances - INFO - Database engine initialized
2026-05-12 22:48:16,485 - shared.shared_instances - INFO - Database engine initialized
2026-05-12 22:48:16,485 - shared.shared_instances - INFO - Database engine initialized
2026-05-12 22:48:16,485 - shared.shared_instances - INFO - Database engine initialized
2026-05-12 22:48:16,486 - shared.shared_instances - INFO - Database engine initialized
2026-05-12 22:48:16,486 - shared.shared_instances - INFO - Database engine initialized
2026-05-14 18:43:28,519 - shared.shared_instances - INFO - Database engine initialized
2026-05-14 18:43:28,519 - shared.shared_instances - INFO - Database engine initialized
2026-05-14 18:43:28,519 - shared.shared_instances - INFO - Database engine initialized
2026-05-14 18:43:28,519 - shared.shared_instances - INFO - Database engine initialized
2026-05-14 18:43:28,520 - shared.shared_instances - INFO - Database engine initialized
2026-05-14 18:48:21,629 - shared.shared_instances - INFO - Database engine initialized
2026-05-14 18:48:21,629 - shared.shared_instances - INFO - Database engine initialized
2026-05-14 18:48:21,629 - shared.shared_instances - INFO - Database engine initialized
2026-05-14 18:48:21,629 - shared.shared_instances - INFO - Database engine initialized
2026-05-14 18:48:21,629 - shared.shared_instances - INFO - Database engine initialized
2026-05-14 18:48:48,706 - shared.shared_instances - INFO - Database engine initialized
2026-05-14 18:48:48,707 - shared.shared_instances - INFO - Database engine initialized
2026-05-14 18:48:48,707 - shared.shared_instances - INFO - Database engine initialized
2026-05-14 18:48:48,707 - shared.shared_instances - INFO - Database engine initialized
2026-05-14 18:48:48,707 - shared.shared_instances - INFO - Database engine initialized
2026-05-14 18:56:38,043 - shared.shared_instances - INFO - Database engine initialized
2026-05-14 18:56:38,044 - shared.shared_instances - INFO - Database engine initialized
2026-05-14 18:56:38,044 - shared.shared_instances - INFO - Database engine initialized
2026-05-14 18:56:38,044 - shared.shared_instances - INFO - Database engine initialized
2026-05-14 18:56:38,044 - shared.shared_instances - INFO - Database engine initialized
2026-05-14 18:58:41,522 - shared.shared_instances - INFO - Database engine initialized
2026-05-14 18:58:41,522 - shared.shared_instances - INFO - Database engine initialized
2026-05-14 18:58:41,522 - shared.shared_instances - INFO - Database engine initialized
2026-05-14 18:58:41,522 - shared.shared_instances - INFO - Database engine initialized
2026-05-14 18:58:41,522 - shared.shared_instances - INFO - Database engine initialized
2026-05-15 19:07:51,926 - shared.shared_instances - INFO - Database engine initialized
2026-05-15 19:07:51,926 - shared.shared_instances - INFO - Database engine initialized
2026-05-15 19:07:51,926 - shared.shared_instances - INFO - Database engine initialized
2026-05-15 19:07:51,926 - shared.shared_instances - INFO - Database engine initialized
2026-05-15 19:07:51,926 - shared.shared_instances - INFO - Database engine initialized
2026-05-15 19:07:51,926 - shared.shared_instances - INFO - Database engine initialized
2026-05-15 19:07:51,927 - shared.shared_instances - INFO - Database engine initialized
2026-05-15 19:07:57,266 - shared.shared_instances - INFO - Database engine initialized
2026-05-15 19:07:57,267 - shared.shared_instances - INFO - Database engine initialized
2026-05-15 19:07:57,267 - shared.shared_instances - INFO - Database engine initialized
2026-05-15 19:07:57,267 - shared.shared_instances - INFO - Database engine initialized
2026-05-15 19:07:57,267 - shared.shared_instances - INFO - Database engine initialized
2026-05-15 19:07:57,267 - shared.shared_instances - INFO - Database engine initialized
2026-05-15 19:07:57,267 - shared.shared_instances - INFO - Database engine initialized
2026-05-15 19:09:05,749 - shared.shared_instances - INFO - Database engine initialized
2026-05-15 19:09:05,749 - shared.shared_instances - INFO - Database engine initialized
2026-05-15 19:09:05,749 - shared.shared_instances - INFO - Database engine initialized
2026-05-15 19:09:05,749 - shared.shared_instances - INFO - Database engine initialized
2026-05-15 19:09:05,749 - shared.shared_instances - INFO - Database engine initialized
2026-05-15 19:09:05,749 - shared.shared_instances - INFO - Database engine initialized
2026-05-15 19:09:05,750 - shared.shared_instances - INFO - Database engine initialized
2026-05-17 14:37:39,326 - shared.shared_instances - INFO - Database engine initialized
2026-05-17 14:37:39,327 - shared.shared_instances - INFO - Database engine initialized
2026-05-17 14:37:39,328 - shared.shared_instances - INFO - Database engine initialized
2026-05-17 14:37:39,328 - shared.shared_instances - INFO - Database engine initialized
2026-05-17 14:37:39,328 - shared.shared_instances - INFO - Database engine initialized
2026-05-17 14:37:39,328 - shared.shared_instances - INFO - Database engine initialized
2026-05-17 14:37:39,328 - shared.shared_instances - INFO - Database engine initialized
2026-05-17 14:37:39,328 - shared.shared_instances - INFO - Database engine initialized
2026-05-17 14:38:22,038 - shared.shared_instances - INFO - Database engine initialized
2026-05-17 14:38:22,039 - shared.shared_instances - INFO - Database engine initialized
2026-05-17 14:38:22,039 - shared.shared_instances - INFO - Database engine initialized
2026-05-17 14:38:22,039 - shared.shared_instances - INFO - Database engine initialized
2026-05-17 14:38:22,039 - shared.shared_instances - INFO - Database engine initialized
2026-05-17 14:38:22,039 - shared.shared_instances - INFO - Database engine initialized
2026-05-17 14:38:22,039 - shared.shared_instances - INFO - Database engine initialized
2026-05-17 14:38:22,039 - shared.shared_instances - INFO - Database engine initialized
2026-05-17 14:38:26,974 - shared.shared_instances - INFO - Database engine initialized
2026-05-17 14:38:26,974 - shared.shared_instances - INFO - Database engine initialized
2026-05-17 14:38:26,974 - shared.shared_instances - INFO - Database engine initialized
2026-05-17 14:38:26,974 - shared.shared_instances - INFO - Database engine initialized
2026-05-17 14:38:26,975 - shared.shared_instances - INFO - Database engine initialized
2026-05-17 14:38:26,975 - shared.shared_instances - INFO - Database engine initialized
2026-05-17 14:38:26,975 - shared.shared_instances - INFO - Database engine initialized
2026-05-17 14:38:26,975 - shared.shared_instances - INFO - Database engine initialized
2026-05-17 14:45:34,085 - shared.shared_instances - INFO - Database engine initialized
2026-05-17 14:45:34,086 - shared.shared_instances - INFO - Database engine initialized
2026-05-17 14:45:34,086 - shared.shared_instances - INFO - Database engine initialized
2026-05-17 14:45:34,086 - shared.shared_instances - INFO - Database engine initialized
2026-05-17 14:45:34,086 - shared.shared_instances - INFO - Database engine initialized
2026-05-17 14:45:34,086 - shared.shared_instances - INFO - Database engine initialized
2026-05-17 14:45:34,086 - shared.shared_instances - INFO - Database engine initialized
2026-05-17 14:45:34,087 - shared.shared_instances - INFO - Database engine initialized
2026-05-17 14:45:34,087 - shared.shared_instances - INFO - Database engine initialized
2026-05-17 14:45:39,813 - shared.shared_instances - INFO - Database engine initialized
2026-05-17 14:45:39,813 - shared.shared_instances - INFO - Database engine initialized
2026-05-17 14:45:39,813 - shared.shared_instances - INFO - Database engine initialized
2026-05-17 14:45:39,814 - shared.shared_instances - INFO - Database engine initialized
2026-05-17 14:45:39,814 - shared.shared_instances - INFO - Database engine initialized
2026-05-17 14:45:39,814 - shared.shared_instances - INFO - Database engine initialized
2026-05-17 14:45:39,814 - shared.shared_instances - INFO - Database engine initialized
2026-05-17 14:45:39,814 - shared.shared_instances - INFO - Database engine initialized
2026-05-17 14:45:39,814 - shared.shared_instances - INFO - Database engine initialized
2026-05-17 14:46:20,865 - shared.shared_instances - INFO - Database engine initialized
2026-05-17 14:46:20,865 - shared.shared_instances - INFO - Database engine initialized
2026-05-17 14:46:20,865 - shared.shared_instances - INFO - Database engine initialized
2026-05-17 14:46:20,865 - shared.shared_instances - INFO - Database engine initialized
2026-05-17 14:46:20,865 - shared.shared_instances - INFO - Database engine initialized
2026-05-17 14:46:20,865 - shared.shared_instances - INFO - Database engine initialized
2026-05-17 14:46:20,865 - shared.shared_instances - INFO - Database engine initialized
2026-05-17 14:46:20,865 - shared.shared_instances - INFO - Database engine initialized
2026-05-17 14:46:20,865 - shared.shared_instances - INFO - Database engine initialized
2026-05-17 14:46:28,727 - shared.shared_instances - INFO - Database engine initialized
2026-05-17 14:46:28,727 - shared.shared_instances - INFO - Database engine initialized
2026-05-17 14:46:28,727 - shared.shared_instances - INFO - Database engine initialized
2026-05-17 14:46:28,727 - shared.shared_instances - INFO - Database engine initialized
2026-05-17 14:46:28,727 - shared.shared_instances - INFO - Database engine initialized
2026-05-17 14:46:28,727 - shared.shared_instances - INFO - Database engine initialized
2026-05-17 14:46:28,727 - shared.shared_instances - INFO - Database engine initialized
2026-05-17 14:46:28,727 - shared.shared_instances - INFO - Database engine initialized
2026-05-17 14:46:28,727 - shared.shared_instances - INFO - Database engine initialized
2026-05-17 14:52:58,188 - shared.shared_instances - INFO - Database engine initialized
2026-05-17 14:52:58,188 - shared.shared_instances - INFO - Database engine initialized
2026-05-17 14:52:58,188 - shared.shared_instances - INFO - Database engine initialized
2026-05-17 14:52:58,188 - shared.shared_instances - INFO - Database engine initialized
2026-05-17 14:52:58,188 - shared.shared_instances - INFO - Database engine initialized
2026-05-17 14:52:58,188 - shared.shared_instances - INFO - Database engine initialized
2026-05-17 14:52:58,189 - shared.shared_instances - INFO - Database engine initialized
2026-05-17 14:52:58,189 - shared.shared_instances - INFO - Database engine initialized
2026-05-17 14:52:58,189 - shared.shared_instances - INFO - Database engine initialized
2026-05-17 14:52:58,189 - shared.shared_instances - INFO - Database engine initialized
2026-05-17 14:53:44,024 - shared.shared_instances - INFO - Database engine initialized
2026-05-17 14:53:44,024 - shared.shared_instances - INFO - Database engine initialized
2026-05-17 14:53:44,024 - shared.shared_instances - INFO - Database engine initialized
2026-05-17 14:53:44,024 - shared.shared_instances - INFO - Database engine initialized
2026-05-17 14:53:44,024 - shared.shared_instances - INFO - Database engine initialized
2026-05-17 14:53:44,025 - shared.shared_instances - INFO - Database engine initialized
2026-05-17 14:53:44,025 - shared.shared_instances - INFO - Database engine initialized
2026-05-17 14:53:44,025 - shared.shared_instances - INFO - Database engine initialized
2026-05-17 14:53:44,025 - shared.shared_instances - INFO - Database engine initialized
2026-05-17 14:53:44,025 - shared.shared_instances - INFO - Database engine initialized
2026-05-17 14:53:56,416 - shared.shared_instances - INFO - Database engine initialized
2026-05-17 14:53:56,416 - shared.shared_instances - INFO - Database engine initialized
2026-05-17 14:53:56,416 - shared.shared_instances - INFO - Database engine initialized
2026-05-17 14:53:56,416 - shared.shared_instances - INFO - Database engine initialized
2026-05-17 14:53:56,416 - shared.shared_instances - INFO - Database engine initialized
2026-05-17 14:53:56,416 - shared.shared_instances - INFO - Database engine initialized
2026-05-17 14:53:56,417 - shared.shared_instances - INFO - Database engine initialized
2026-05-17 14:53:56,417 - shared.shared_instances - INFO - Database engine initialized
2026-05-17 14:53:56,417 - shared.shared_instances - INFO - Database engine initialized
2026-05-17 14:53:56,417 - shared.shared_instances - INFO - Database engine initialized
2026-05-17 15:17:50,334 - shared.shared_instances - INFO - Database engine initialized
2026-05-17 15:17:50,335 - shared.shared_instances - INFO - Database engine initialized
2026-05-17 15:17:50,335 - shared.shared_instances - INFO - Database engine initialized
2026-05-17 15:17:50,335 - shared.shared_instances - INFO - Database engine initialized
2026-05-17 15:17:50,335 - shared.shared_instances - INFO - Database engine initialized
2026-05-17 15:17:50,335 - shared.shared_instances - INFO - Database engine initialized
2026-05-17 15:17:50,335 - shared.shared_instances - INFO - Database engine initialized
2026-05-17 15:17:50,335 - shared.shared_instances - INFO - Database engine initialized
2026-05-17 15:17:50,336 - shared.shared_instances - INFO - Database engine initialized
2026-05-17 15:17:50,336 - shared.shared_instances - INFO - Database engine initialized
2026-05-17 15:17:50,410 - shared.shared_instances - DEBUG - Extracted service-specific path for product-service: /products
2026-05-17 15:17:50,410 - shared.shared_instances - DEBUG - Built URL for service product-service (instance: http://product-service:8002/api/v1): http://product-service:8002/api/v1/products
2026-05-17 15:17:50,410 - shared.shared_instances - INFO - Forwarding request to: http://product-service:8002/api/v1/products with method: GET, Service path: /products, Body type: <class 'NoneType'>, Content-Type: None, Headers: {}
2026-05-17 15:17:50,410 - shared.shared_instances - DEBUG - Response from product-service: status=200
2026-05-17 15:17:50,411 - shared.shared_instances - ERROR - Service name: nonexistent-service is not recognized.
2026-05-17 15:17:50,412 - shared.shared_instances - DEBUG - Extracted service-specific path for product-service: /products
2026-05-17 15:17:50,412 - shared.shared_instances - DEBUG - Built URL for service product-service (instance: http://product-service:8002/api/v1): http://product-service:8002/api/v1/products
2026-05-17 15:17:50,412 - shared.shared_instances - INFO - Forwarding request to: http://product-service:8002/api/v1/products with method: GET, Service path: /products, Body type: <class 'NoneType'>, Content-Type: None, Headers: {}
2026-05-17 15:17:50,412 - shared.shared_instances - ERROR - Request error occurred: connection refused
2026-05-17 15:17:50,413 - shared.shared_instances - DEBUG - Extracted service-specific path for order-service: /orders
2026-05-17 15:17:50,414 - shared.shared_instances - DEBUG - Built URL for service order-service (instance: http://order-service:8005/api/v1): http://order-service:8005/api/v1/orders
2026-05-17 15:17:50,414 - shared.shared_instances - DEBUG - Prepared body content: {'user_id': 'abc', 'total': 50}
2026-05-17 15:17:50,414 - shared.shared_instances - INFO - Forwarding request to: http://order-service:8005/api/v1/orders with method: POST, Service path: /orders, Body type: <class 'dict'>, Content-Type: application/json, Headers: {'Content-Type': 'application/json'}
2026-05-17 15:17:50,414 - shared.shared_instances - DEBUG - Response from order-service: status=201
2026-05-17 15:17:50,471 - shared.shared_instances - DEBUG - Running authentication middleware...
2026-05-17 15:17:50,473 - shared.shared_instances - DEBUG - Running authentication middleware...
2026-05-17 15:17:50,474 - shared.shared_instances - DEBUG - Running authentication middleware...
2026-05-17 15:17:50,476 - shared.shared_instances - DEBUG - Running authentication middleware...
2026-05-17 15:17:50,477 - shared.shared_instances - DEBUG - Running authentication middleware...
2026-05-17 15:17:50,480 - shared.shared_instances - DEBUG - Running authentication middleware...
2026-05-17 15:17:50,481 - shared.shared_instances - DEBUG - Running authentication middleware...
2026-05-17 15:17:50,483 - shared.shared_instances - DEBUG - Running authentication middleware...
2026-05-17 15:17:50,485 - shared.shared_instances - DEBUG - Running authentication middleware...
2026-05-17 15:17:50,486 - shared.shared_instances - INFO - Current user from request state: email='admin@example.com' id=UUID('a814b0b3-6c33-4b85-92f1-a7a9effc1ade') role='shiba_inu'
2026-05-17 15:17:50,488 - shared.shared_instances - DEBUG - Running authentication middleware...
2026-05-17 15:17:50,488 - shared.shared_instances - INFO - Current user from request state: email='user@example.com' id=UUID('7fd35e30-1dae-4126-ac0e-7c3488e7709e') role='user'
2026-05-17 15:17:50,490 - shared.shared_instances - DEBUG - Running authentication middleware...
2026-05-17 15:17:50,490 - shared.shared_instances - INFO - Current user from request state: email='admin@example.com' id=UUID('a814b0b3-6c33-4b85-92f1-a7a9effc1ade') role='shiba_inu'
2026-05-17 15:17:50,492 - shared.shared_instances - DEBUG - Running authentication middleware...
2026-05-17 15:17:50,492 - shared.shared_instances - INFO - Current user from request state: email='user@example.com' id=UUID('7fd35e30-1dae-4126-ac0e-7c3488e7709e') role='user'
2026-05-17 15:17:50,494 - shared.shared_instances - DEBUG - Running authentication middleware...
2026-05-17 15:17:50,494 - shared.shared_instances - INFO - Current user from request state: email='admin@example.com' id=UUID('a814b0b3-6c33-4b85-92f1-a7a9effc1ade') role='shiba_inu'
2026-05-17 15:17:50,496 - shared.shared_instances - DEBUG - Running authentication middleware...
2026-05-17 15:17:50,496 - shared.shared_instances - INFO - Current user from request state: email='user@example.com' id=UUID('7fd35e30-1dae-4126-ac0e-7c3488e7709e') role='user'
2026-05-17 15:17:50,498 - shared.shared_instances - DEBUG - Running authentication middleware...
2026-05-17 15:17:50,499 - shared.shared_instances - INFO - Current user from request state: email='admin@example.com' id=UUID('a814b0b3-6c33-4b85-92f1-a7a9effc1ade') role='shiba_inu'
2026-05-17 15:17:50,500 - shared.shared_instances - DEBUG - Running authentication middleware...
2026-05-17 15:17:50,501 - shared.shared_instances - INFO - Current user from request state: email='admin@example.com' id=UUID('a814b0b3-6c33-4b85-92f1-a7a9effc1ade') role='shiba_inu'
2026-05-17 15:17:50,502 - shared.shared_instances - DEBUG - Running authentication middleware...
2026-05-17 15:17:50,502 - shared.shared_instances - INFO - Current user from request state: email='admin@example.com' id=UUID('a814b0b3-6c33-4b85-92f1-a7a9effc1ade') role='shiba_inu'
2026-05-17 15:17:50,504 - shared.shared_instances - DEBUG - Running authentication middleware...
2026-05-17 15:17:50,506 - shared.shared_instances - DEBUG - Running authentication middleware...
2026-05-17 15:17:50,506 - shared.shared_instances - INFO - Current user from request state: email='user@example.com' id=UUID('7fd35e30-1dae-4126-ac0e-7c3488e7709e') role='user'
2026-05-17 15:17:50,508 - shared.shared_instances - DEBUG - Running authentication middleware...
2026-05-17 15:17:50,508 - shared.shared_instances - INFO - Current user from request state: email='user@example.com' id=UUID('7fd35e30-1dae-4126-ac0e-7c3488e7709e') role='user'
2026-05-17 15:17:50,510 - shared.shared_instances - DEBUG - Running authentication middleware...
2026-05-17 15:17:50,510 - shared.shared_instances - INFO - Current user from request state: email='user@example.com' id=UUID('7fd35e30-1dae-4126-ac0e-7c3488e7709e') role='user'
2026-05-17 15:17:50,512 - shared.shared_instances - DEBUG - Running authentication middleware...
2026-05-17 15:17:50,514 - shared.shared_instances - DEBUG - Running authentication middleware...
2026-05-17 15:17:50,514 - shared.shared_instances - INFO - Current user from request state: email='user@example.com' id=UUID('7fd35e30-1dae-4126-ac0e-7c3488e7709e') role='user'
2026-05-17 15:17:50,516 - shared.shared_instances - DEBUG - Running authentication middleware...
2026-05-17 15:17:50,516 - shared.shared_instances - INFO - Current user from request state: email='user@example.com' id=UUID('7fd35e30-1dae-4126-ac0e-7c3488e7709e') role='user'
2026-05-17 15:17:50,516 - shared.shared_instances - WARNING - User id: dd672015-5eb8-4c66-94ff-b272c20b7ebc and / or user email: None is trying to acces not personal data
2026-05-17 15:17:50,518 - shared.shared_instances - DEBUG - Running authentication middleware...
2026-05-17 15:17:50,518 - shared.shared_instances - INFO - Current user from request state: email='user@example.com' id=UUID('7fd35e30-1dae-4126-ac0e-7c3488e7709e') role='user'
2026-05-17 15:17:50,519 - shared.shared_instances - DEBUG - Running authentication middleware...
2026-05-17 15:17:50,519 - shared.shared_instances - INFO - Current user from request state: email='user@example.com' id=UUID('7fd35e30-1dae-4126-ac0e-7c3488e7709e') role='user'
2026-05-17 15:17:50,521 - shared.shared_instances - DEBUG - Running authentication middleware...
2026-05-17 15:17:50,521 - shared.shared_instances - INFO - Current user from request state: email='user@example.com' id=UUID('7fd35e30-1dae-4126-ac0e-7c3488e7709e') role='user'
2026-05-17 15:17:50,522 - shared.shared_instances - DEBUG - Running authentication middleware...
2026-05-17 15:17:50,523 - shared.shared_instances - INFO - Current user from request state: email='admin@example.com' id=UUID('a814b0b3-6c33-4b85-92f1-a7a9effc1ade') role='shiba_inu'
2026-05-17 15:17:50,524 - shared.shared_instances - DEBUG - Running authentication middleware...
2026-05-17 15:17:50,524 - shared.shared_instances - INFO - Current user from request state: email='user@example.com' id=UUID('7fd35e30-1dae-4126-ac0e-7c3488e7709e') role='user'
2026-05-17 15:17:50,526 - shared.shared_instances - DEBUG - Running authentication middleware...
2026-05-17 15:17:50,526 - shared.shared_instances - INFO - Current user from request state: email='user@example.com' id=UUID('7fd35e30-1dae-4126-ac0e-7c3488e7709e') role='user'
2026-05-17 15:17:50,527 - shared.shared_instances - DEBUG - Running authentication middleware...
2026-05-17 15:17:50,528 - shared.shared_instances - INFO - Current user from request state: email='user@example.com' id=UUID('7fd35e30-1dae-4126-ac0e-7c3488e7709e') role='user'
2026-05-17 15:17:50,530 - shared.shared_instances - DEBUG - Running authentication middleware...
2026-05-17 15:17:50,530 - shared.shared_instances - INFO - Current user from request state: email='user@example.com' id=UUID('7fd35e30-1dae-4126-ac0e-7c3488e7709e') role='user'
2026-05-17 15:17:50,531 - shared.shared_instances - DEBUG - Running authentication middleware...
2026-05-17 15:17:50,531 - shared.shared_instances - INFO - Current user from request state: email='user@example.com' id=UUID('7fd35e30-1dae-4126-ac0e-7c3488e7709e') role='user'
2026-05-17 15:17:50,533 - shared.shared_instances - DEBUG - Running authentication middleware...
2026-05-17 15:17:50,533 - shared.shared_instances - INFO - Current user from request state: email='user@example.com' id=UUID('7fd35e30-1dae-4126-ac0e-7c3488e7709e') role='user'
2026-05-17 15:17:50,535 - shared.shared_instances - DEBUG - Running authentication middleware...
2026-05-17 15:17:50,535 - shared.shared_instances - INFO - Current user from request state: email='user@example.com' id=UUID('7fd35e30-1dae-4126-ac0e-7c3488e7709e') role='user'
2026-05-17 15:17:50,536 - shared.shared_instances - DEBUG - Running authentication middleware...
2026-05-17 15:17:50,536 - shared.shared_instances - INFO - Current user from request state: email='user@example.com' id=UUID('7fd35e30-1dae-4126-ac0e-7c3488e7709e') role='user'
2026-05-17 15:17:50,538 - shared.shared_instances - DEBUG - Running authentication middleware...
2026-05-17 15:17:50,539 - shared.shared_instances - INFO - Current user from request state: email='user@example.com' id=UUID('7fd35e30-1dae-4126-ac0e-7c3488e7709e') role='user'
2026-05-17 15:17:50,540 - shared.shared_instances - DEBUG - Running authentication middleware...
2026-05-17 15:17:50,541 - shared.shared_instances - DEBUG - Running authentication middleware...
2026-05-17 15:17:50,542 - shared.shared_instances - INFO - Current user from request state: email='user@example.com' id=UUID('7fd35e30-1dae-4126-ac0e-7c3488e7709e') role='user'
2026-05-17 15:17:50,542 - shared.shared_instances - WARNING - User id: None and / or user email: None is trying to acces not personal data
2026-05-17 15:17:50,599 - shared.shared_instances - DEBUG - Running authentication middleware...
2026-05-17 15:17:50,599 - shared.shared_instances - INFO - Current user from request state: email='admin@example.com' id=UUID('a814b0b3-6c33-4b85-92f1-a7a9effc1ade') role='shiba_inu'
2026-05-17 15:17:50,601 - shared.shared_instances - DEBUG - Running authentication middleware...
2026-05-17 15:17:50,601 - shared.shared_instances - INFO - Current user from request state: email='user@example.com' id=UUID('7fd35e30-1dae-4126-ac0e-7c3488e7709e') role='user'
2026-05-17 15:17:50,602 - shared.shared_instances - DEBUG - Running authentication middleware...
2026-05-17 15:17:50,607 - shared.shared_instances - DEBUG - Running authentication middleware...
2026-05-17 15:17:50,608 - shared.shared_instances - DEBUG - Running authentication middleware...
2026-05-17 15:17:50,609 - shared.shared_instances - DEBUG - Running authentication middleware...
2026-05-17 15:17:50,611 - shared.shared_instances - DEBUG - Running authentication middleware...
2026-05-17 15:17:50,612 - shared.shared_instances - DEBUG - Running authentication middleware...
2026-05-17 15:17:50,614 - shared.shared_instances - DEBUG - Running authentication middleware...
2026-05-17 15:17:50,615 - shared.shared_instances - DEBUG - Running authentication middleware...
2026-05-17 15:17:50,616 - shared.shared_instances - DEBUG - Running authentication middleware...
2026-05-17 15:17:50,618 - shared.shared_instances - DEBUG - Running authentication middleware...
2026-05-17 15:17:50,619 - shared.shared_instances - DEBUG - Running authentication middleware...
2026-05-17 15:17:50,620 - shared.shared_instances - DEBUG - Running authentication middleware...
2026-05-17 15:17:50,620 - shared.shared_instances - INFO - Current user from request state: email='user@example.com' id=UUID('7fd35e30-1dae-4126-ac0e-7c3488e7709e') role='user'
2026-05-17 15:17:50,622 - shared.shared_instances - DEBUG - Running authentication middleware...
2026-05-17 15:17:50,622 - shared.shared_instances - INFO - Current user from request state: email='user@example.com' id=UUID('7fd35e30-1dae-4126-ac0e-7c3488e7709e') role='user'
2026-05-17 15:17:50,622 - shared.shared_instances - DEBUG - Generating cache key: api-gateway:cache:GET:/api/v1/users/7fd35e30-1dae-4126-ac0e-7c3488e7709e:, Original URL: http://testserver/api/v1/users/7fd35e30-1dae-4126-ac0e-7c3488e7709e, Raw path: /api/v1/users/7fd35e30-1dae-4126-ac0e-7c3488e7709e,Query params: 
2026-05-17 15:17:50,622 - shared.shared_instances - DEBUG - Using Redis connection: <redis.asyncio.client.Redis(<redis.asyncio.connection.ConnectionPool(<redis.asyncio.connection.Connection(host=redis,port=6379,db=0)>)>)>
2026-05-17 15:17:50,637 - shared.shared_instances - ERROR - Cache error in get_user_by_id: Error 8 connecting to redis:6379. nodename nor servname provided, or not known.
2026-05-17 15:17:50,638 - shared.shared_instances - DEBUG - Running authentication middleware...
2026-05-17 15:17:50,638 - shared.shared_instances - INFO - Current user from request state: email='user@example.com' id=UUID('7fd35e30-1dae-4126-ac0e-7c3488e7709e') role='user'
2026-05-17 15:17:50,639 - shared.shared_instances - DEBUG - Generating cache key: api-gateway:cache:GET:/api/v1/users/225a193b-5e81-4d0d-a1e6-bc0319c21bee:, Original URL: http://testserver/api/v1/users/225a193b-5e81-4d0d-a1e6-bc0319c21bee, Raw path: /api/v1/users/225a193b-5e81-4d0d-a1e6-bc0319c21bee,Query params: 
2026-05-17 15:17:50,641 - shared.shared_instances - ERROR - Cache error in get_user_by_id: Error 8 connecting to redis:6379. nodename nor servname provided, or not known.
2026-05-17 15:17:50,641 - shared.shared_instances - WARNING - User id: 225a193b-5e81-4d0d-a1e6-bc0319c21bee and / or user email: None is trying to acces not personal data
2026-05-17 15:17:50,643 - shared.shared_instances - DEBUG - Running authentication middleware...
2026-05-17 15:17:50,643 - shared.shared_instances - INFO - Current user from request state: email='user@example.com' id=UUID('7fd35e30-1dae-4126-ac0e-7c3488e7709e') role='user'
2026-05-17 15:17:50,644 - shared.shared_instances - DEBUG - Running authentication middleware...
2026-05-17 15:17:50,644 - shared.shared_instances - INFO - Current user from request state: email='user@example.com' id=UUID('7fd35e30-1dae-4126-ac0e-7c3488e7709e') role='user'
2026-05-17 15:17:50,646 - shared.shared_instances - DEBUG - Running authentication middleware...
2026-05-17 15:17:50,646 - shared.shared_instances - INFO - Current user from request state: email='admin@example.com' id=UUID('a814b0b3-6c33-4b85-92f1-a7a9effc1ade') role='shiba_inu'
2026-05-17 15:17:50,647 - shared.shared_instances - DEBUG - Running authentication middleware...
2026-05-17 15:17:50,648 - shared.shared_instances - INFO - Current user from request state: email='user@example.com' id=UUID('7fd35e30-1dae-4126-ac0e-7c3488e7709e') role='user'
2026-05-17 15:17:50,649 - shared.shared_instances - DEBUG - Running authentication middleware...
2026-05-17 15:18:11,710 - shared.shared_instances - INFO - Database engine initialized
2026-05-17 15:18:11,710 - shared.shared_instances - INFO - Database engine initialized
2026-05-17 15:18:11,710 - shared.shared_instances - INFO - Database engine initialized
2026-05-17 15:18:11,710 - shared.shared_instances - INFO - Database engine initialized
2026-05-17 15:18:11,710 - shared.shared_instances - INFO - Database engine initialized
2026-05-17 15:18:11,710 - shared.shared_instances - INFO - Database engine initialized
2026-05-17 15:18:11,710 - shared.shared_instances - INFO - Database engine initialized
2026-05-17 15:18:11,710 - shared.shared_instances - INFO - Database engine initialized
2026-05-17 15:18:11,710 - shared.shared_instances - INFO - Database engine initialized
2026-05-17 15:18:11,710 - shared.shared_instances - INFO - Database engine initialized
2026-05-17 15:18:11,743 - shared.shared_instances - DEBUG - Extracted service-specific path for product-service: /products
2026-05-17 15:18:11,743 - shared.shared_instances - DEBUG - Built URL for service product-service (instance: http://product-service:8002/api/v1): http://product-service:8002/api/v1/products
2026-05-17 15:18:11,743 - shared.shared_instances - INFO - Forwarding request to: http://product-service:8002/api/v1/products with method: GET, Service path: /products, Body type: <class 'NoneType'>, Content-Type: None, Headers: {}
2026-05-17 15:18:11,743 - shared.shared_instances - DEBUG - Response from product-service: status=200
2026-05-17 15:18:11,744 - shared.shared_instances - ERROR - Service name: nonexistent-service is not recognized.
2026-05-17 15:18:11,745 - shared.shared_instances - DEBUG - Extracted service-specific path for product-service: /products
2026-05-17 15:18:11,745 - shared.shared_instances - DEBUG - Built URL for service product-service (instance: http://product-service:8002/api/v1): http://product-service:8002/api/v1/products
2026-05-17 15:18:11,745 - shared.shared_instances - INFO - Forwarding request to: http://product-service:8002/api/v1/products with method: GET, Service path: /products, Body type: <class 'NoneType'>, Content-Type: None, Headers: {}
2026-05-17 15:18:11,745 - shared.shared_instances - ERROR - Request error occurred: connection refused
2026-05-17 15:18:11,746 - shared.shared_instances - DEBUG - Extracted service-specific path for order-service: /orders
2026-05-17 15:18:11,746 - shared.shared_instances - DEBUG - Built URL for service order-service (instance: http://order-service:8005/api/v1): http://order-service:8005/api/v1/orders
2026-05-17 15:18:11,746 - shared.shared_instances - DEBUG - Prepared body content: {'user_id': 'abc', 'total': 50}
2026-05-17 15:18:11,746 - shared.shared_instances - INFO - Forwarding request to: http://order-service:8005/api/v1/orders with method: POST, Service path: /orders, Body type: <class 'dict'>, Content-Type: application/json, Headers: {'Content-Type': 'application/json'}
2026-05-17 15:18:11,746 - shared.shared_instances - DEBUG - Response from order-service: status=201
2026-05-17 15:18:11,761 - shared.shared_instances - DEBUG - Running authentication middleware...
2026-05-17 15:18:11,763 - shared.shared_instances - DEBUG - Running authentication middleware...
2026-05-17 15:18:11,764 - shared.shared_instances - DEBUG - Running authentication middleware...
2026-05-17 15:18:11,765 - shared.shared_instances - DEBUG - Running authentication middleware...
2026-05-17 15:18:11,767 - shared.shared_instances - DEBUG - Running authentication middleware...
2026-05-17 15:18:11,768 - shared.shared_instances - DEBUG - Running authentication middleware...
2026-05-17 15:18:11,769 - shared.shared_instances - DEBUG - Running authentication middleware...
2026-05-17 15:18:11,771 - shared.shared_instances - DEBUG - Running authentication middleware...
2026-05-17 15:18:11,772 - shared.shared_instances - DEBUG - Running authentication middleware...
2026-05-17 15:18:11,773 - shared.shared_instances - INFO - Current user from request state: email='admin@example.com' id=UUID('da654f41-705c-4cf8-8bab-66196d690f54') role='shiba_inu'
2026-05-17 15:18:11,775 - shared.shared_instances - DEBUG - Running authentication middleware...
2026-05-17 15:18:11,775 - shared.shared_instances - INFO - Current user from request state: email='user@example.com' id=UUID('4bcc9e76-1f3f-4119-a9c5-d24a9f00bd7d') role='user'
2026-05-17 15:18:11,776 - shared.shared_instances - DEBUG - Running authentication middleware...
2026-05-17 15:18:11,776 - shared.shared_instances - INFO - Current user from request state: email='admin@example.com' id=UUID('da654f41-705c-4cf8-8bab-66196d690f54') role='shiba_inu'
2026-05-17 15:18:11,778 - shared.shared_instances - DEBUG - Running authentication middleware...
2026-05-17 15:18:11,778 - shared.shared_instances - INFO - Current user from request state: email='user@example.com' id=UUID('4bcc9e76-1f3f-4119-a9c5-d24a9f00bd7d') role='user'
2026-05-17 15:18:11,780 - shared.shared_instances - DEBUG - Running authentication middleware...
2026-05-17 15:18:11,780 - shared.shared_instances - INFO - Current user from request state: email='admin@example.com' id=UUID('da654f41-705c-4cf8-8bab-66196d690f54') role='shiba_inu'
2026-05-17 15:18:11,781 - shared.shared_instances - DEBUG - Running authentication middleware...
2026-05-17 15:18:11,782 - shared.shared_instances - INFO - Current user from request state: email='user@example.com' id=UUID('4bcc9e76-1f3f-4119-a9c5-d24a9f00bd7d') role='user'
2026-05-17 15:18:11,783 - shared.shared_instances - DEBUG - Running authentication middleware...
2026-05-17 15:18:11,783 - shared.shared_instances - INFO - Current user from request state: email='admin@example.com' id=UUID('da654f41-705c-4cf8-8bab-66196d690f54') role='shiba_inu'
2026-05-17 15:18:11,785 - shared.shared_instances - DEBUG - Running authentication middleware...
2026-05-17 15:18:11,785 - shared.shared_instances - INFO - Current user from request state: email='admin@example.com' id=UUID('da654f41-705c-4cf8-8bab-66196d690f54') role='shiba_inu'
2026-05-17 15:18:11,786 - shared.shared_instances - DEBUG - Running authentication middleware...
2026-05-17 15:18:11,786 - shared.shared_instances - INFO - Current user from request state: email='admin@example.com' id=UUID('da654f41-705c-4cf8-8bab-66196d690f54') role='shiba_inu'
2026-05-17 15:18:11,788 - shared.shared_instances - DEBUG - Running authentication middleware...
2026-05-17 15:18:11,806 - shared.shared_instances - DEBUG - Running authentication middleware...
2026-05-17 15:18:11,806 - shared.shared_instances - INFO - Current user from request state: email='user@example.com' id=UUID('4bcc9e76-1f3f-4119-a9c5-d24a9f00bd7d') role='user'
2026-05-17 15:18:11,808 - shared.shared_instances - DEBUG - Running authentication middleware...
2026-05-17 15:18:11,808 - shared.shared_instances - INFO - Current user from request state: email='user@example.com' id=UUID('4bcc9e76-1f3f-4119-a9c5-d24a9f00bd7d') role='user'
2026-05-17 15:18:11,810 - shared.shared_instances - DEBUG - Running authentication middleware...
2026-05-17 15:18:11,810 - shared.shared_instances - INFO - Current user from request state: email='user@example.com' id=UUID('4bcc9e76-1f3f-4119-a9c5-d24a9f00bd7d') role='user'
2026-05-17 15:18:11,812 - shared.shared_instances - DEBUG - Running authentication middleware...
2026-05-17 15:18:11,813 - shared.shared_instances - DEBUG - Running authentication middleware...
2026-05-17 15:18:11,813 - shared.shared_instances - INFO - Current user from request state: email='user@example.com' id=UUID('4bcc9e76-1f3f-4119-a9c5-d24a9f00bd7d') role='user'
2026-05-17 15:18:11,815 - shared.shared_instances - DEBUG - Running authentication middleware...
2026-05-17 15:18:11,815 - shared.shared_instances - INFO - Current user from request state: email='user@example.com' id=UUID('4bcc9e76-1f3f-4119-a9c5-d24a9f00bd7d') role='user'
2026-05-17 15:18:11,815 - shared.shared_instances - WARNING - User id: 1f3559ee-a038-4b4f-b208-98091e8021a3 and / or user email: None is trying to acces not personal data
2026-05-17 15:18:11,816 - shared.shared_instances - DEBUG - Running authentication middleware...
2026-05-17 15:18:11,816 - shared.shared_instances - INFO - Current user from request state: email='user@example.com' id=UUID('4bcc9e76-1f3f-4119-a9c5-d24a9f00bd7d') role='user'
2026-05-17 15:18:11,818 - shared.shared_instances - DEBUG - Running authentication middleware...
2026-05-17 15:18:11,818 - shared.shared_instances - INFO - Current user from request state: email='user@example.com' id=UUID('4bcc9e76-1f3f-4119-a9c5-d24a9f00bd7d') role='user'
2026-05-17 15:18:11,820 - shared.shared_instances - DEBUG - Running authentication middleware...
2026-05-17 15:18:11,820 - shared.shared_instances - INFO - Current user from request state: email='user@example.com' id=UUID('4bcc9e76-1f3f-4119-a9c5-d24a9f00bd7d') role='user'
2026-05-17 15:18:11,821 - shared.shared_instances - DEBUG - Running authentication middleware...
2026-05-17 15:18:11,822 - shared.shared_instances - INFO - Current user from request state: email='admin@example.com' id=UUID('da654f41-705c-4cf8-8bab-66196d690f54') role='shiba_inu'
2026-05-17 15:18:11,823 - shared.shared_instances - DEBUG - Running authentication middleware...
2026-05-17 15:18:11,823 - shared.shared_instances - INFO - Current user from request state: email='user@example.com' id=UUID('4bcc9e76-1f3f-4119-a9c5-d24a9f00bd7d') role='user'
2026-05-17 15:18:11,825 - shared.shared_instances - DEBUG - Running authentication middleware...
2026-05-17 15:18:11,825 - shared.shared_instances - INFO - Current user from request state: email='user@example.com' id=UUID('4bcc9e76-1f3f-4119-a9c5-d24a9f00bd7d') role='user'
2026-05-17 15:18:11,827 - shared.shared_instances - DEBUG - Running authentication middleware...
2026-05-17 15:18:11,827 - shared.shared_instances - INFO - Current user from request state: email='user@example.com' id=UUID('4bcc9e76-1f3f-4119-a9c5-d24a9f00bd7d') role='user'
2026-05-17 15:18:11,828 - shared.shared_instances - DEBUG - Running authentication middleware...
2026-05-17 15:18:11,829 - shared.shared_instances - INFO - Current user from request state: email='user@example.com' id=UUID('4bcc9e76-1f3f-4119-a9c5-d24a9f00bd7d') role='user'
2026-05-17 15:18:11,830 - shared.shared_instances - DEBUG - Running authentication middleware...
2026-05-17 15:18:11,830 - shared.shared_instances - INFO - Current user from request state: email='user@example.com' id=UUID('4bcc9e76-1f3f-4119-a9c5-d24a9f00bd7d') role='user'
2026-05-17 15:18:11,831 - shared.shared_instances - DEBUG - Running authentication middleware...
2026-05-17 15:18:11,832 - shared.shared_instances - INFO - Current user from request state: email='user@example.com' id=UUID('4bcc9e76-1f3f-4119-a9c5-d24a9f00bd7d') role='user'
2026-05-17 15:18:11,833 - shared.shared_instances - DEBUG - Running authentication middleware...
2026-05-17 15:18:11,834 - shared.shared_instances - INFO - Current user from request state: email='user@example.com' id=UUID('4bcc9e76-1f3f-4119-a9c5-d24a9f00bd7d') role='user'
2026-05-17 15:18:11,836 - shared.shared_instances - DEBUG - Running authentication middleware...
2026-05-17 15:18:11,836 - shared.shared_instances - INFO - Current user from request state: email='user@example.com' id=UUID('4bcc9e76-1f3f-4119-a9c5-d24a9f00bd7d') role='user'
2026-05-17 15:18:11,837 - shared.shared_instances - DEBUG - Running authentication middleware...
2026-05-17 15:18:11,838 - shared.shared_instances - INFO - Current user from request state: email='user@example.com' id=UUID('4bcc9e76-1f3f-4119-a9c5-d24a9f00bd7d') role='user'
2026-05-17 15:18:11,839 - shared.shared_instances - DEBUG - Running authentication middleware...
2026-05-17 15:18:11,840 - shared.shared_instances - DEBUG - Running authentication middleware...
2026-05-17 15:18:11,841 - shared.shared_instances - INFO - Current user from request state: email='admin@example.com' id=UUID('da654f41-705c-4cf8-8bab-66196d690f54') role='shiba_inu'
2026-05-17 15:18:11,842 - shared.shared_instances - DEBUG - Running authentication middleware...
2026-05-17 15:18:11,842 - shared.shared_instances - INFO - Current user from request state: email='user@example.com' id=UUID('4bcc9e76-1f3f-4119-a9c5-d24a9f00bd7d') role='user'
2026-05-17 15:18:11,842 - shared.shared_instances - WARNING - User id: None and / or user email: None is trying to acces not personal data
2026-05-17 15:18:11,843 - shared.shared_instances - DEBUG - Running authentication middleware...
2026-05-17 15:18:11,844 - shared.shared_instances - INFO - Current user from request state: email='admin@example.com' id=UUID('da654f41-705c-4cf8-8bab-66196d690f54') role='shiba_inu'
2026-05-17 15:18:11,845 - shared.shared_instances - DEBUG - Running authentication middleware...
2026-05-17 15:18:11,845 - shared.shared_instances - INFO - Current user from request state: email='user@example.com' id=UUID('4bcc9e76-1f3f-4119-a9c5-d24a9f00bd7d') role='user'
2026-05-17 15:18:11,847 - shared.shared_instances - DEBUG - Running authentication middleware...
2026-05-17 15:18:11,851 - shared.shared_instances - DEBUG - Running authentication middleware...
2026-05-17 15:18:11,852 - shared.shared_instances - DEBUG - Running authentication middleware...
2026-05-17 15:18:11,853 - shared.shared_instances - DEBUG - Running authentication middleware...
2026-05-17 15:18:11,855 - shared.shared_instances - DEBUG - Running authentication middleware...
2026-05-17 15:18:11,856 - shared.shared_instances - DEBUG - Running authentication middleware...
2026-05-17 15:18:11,857 - shared.shared_instances - DEBUG - Running authentication middleware...
2026-05-17 15:18:11,858 - shared.shared_instances - DEBUG - Running authentication middleware...
2026-05-17 15:18:11,859 - shared.shared_instances - DEBUG - Running authentication middleware...
2026-05-17 15:18:11,861 - shared.shared_instances - DEBUG - Running authentication middleware...
2026-05-17 15:18:11,862 - shared.shared_instances - DEBUG - Running authentication middleware...
2026-05-17 15:18:11,864 - shared.shared_instances - DEBUG - Running authentication middleware...
2026-05-17 15:18:11,864 - shared.shared_instances - INFO - Current user from request state: email='user@example.com' id=UUID('4bcc9e76-1f3f-4119-a9c5-d24a9f00bd7d') role='user'
2026-05-17 15:18:11,865 - shared.shared_instances - DEBUG - Running authentication middleware...
2026-05-17 15:18:11,865 - shared.shared_instances - INFO - Current user from request state: email='user@example.com' id=UUID('4bcc9e76-1f3f-4119-a9c5-d24a9f00bd7d') role='user'
2026-05-17 15:18:11,865 - shared.shared_instances - DEBUG - Generating cache key: api-gateway:cache:GET:/api/v1/users/4bcc9e76-1f3f-4119-a9c5-d24a9f00bd7d:, Original URL: http://testserver/api/v1/users/4bcc9e76-1f3f-4119-a9c5-d24a9f00bd7d, Raw path: /api/v1/users/4bcc9e76-1f3f-4119-a9c5-d24a9f00bd7d,Query params: 
2026-05-17 15:18:11,865 - shared.shared_instances - DEBUG - Using Redis connection: <redis.asyncio.client.Redis(<redis.asyncio.connection.ConnectionPool(<redis.asyncio.connection.Connection(host=redis,port=6379,db=0)>)>)>
2026-05-17 15:18:11,868 - shared.shared_instances - ERROR - Cache error in get_user_by_id: Error 8 connecting to redis:6379. nodename nor servname provided, or not known.
2026-05-17 15:18:11,870 - shared.shared_instances - DEBUG - Running authentication middleware...
2026-05-17 15:18:11,870 - shared.shared_instances - INFO - Current user from request state: email='user@example.com' id=UUID('4bcc9e76-1f3f-4119-a9c5-d24a9f00bd7d') role='user'
2026-05-17 15:18:11,870 - shared.shared_instances - DEBUG - Generating cache key: api-gateway:cache:GET:/api/v1/users/ddcf4df6-6cc1-4edc-a9ad-940a0321b8bf:, Original URL: http://testserver/api/v1/users/ddcf4df6-6cc1-4edc-a9ad-940a0321b8bf, Raw path: /api/v1/users/ddcf4df6-6cc1-4edc-a9ad-940a0321b8bf,Query params: 
2026-05-17 15:18:11,872 - shared.shared_instances - ERROR - Cache error in get_user_by_id: Error 8 connecting to redis:6379. nodename nor servname provided, or not known.
2026-05-17 15:18:11,872 - shared.shared_instances - WARNING - User id: ddcf4df6-6cc1-4edc-a9ad-940a0321b8bf and / or user email: None is trying to acces not personal data
2026-05-17 15:18:11,873 - shared.shared_instances - DEBUG - Running authentication middleware...
2026-05-17 15:18:11,874 - shared.shared_instances - INFO - Current user from request state: email='user@example.com' id=UUID('4bcc9e76-1f3f-4119-a9c5-d24a9f00bd7d') role='user'
2026-05-17 15:18:11,875 - shared.shared_instances - DEBUG - Running authentication middleware...
2026-05-17 15:18:11,875 - shared.shared_instances - INFO - Current user from request state: email='user@example.com' id=UUID('4bcc9e76-1f3f-4119-a9c5-d24a9f00bd7d') role='user'
2026-05-17 15:18:11,877 - shared.shared_instances - DEBUG - Running authentication middleware...
2026-05-17 15:18:11,877 - shared.shared_instances - INFO - Current user from request state: email='admin@example.com' id=UUID('da654f41-705c-4cf8-8bab-66196d690f54') role='shiba_inu'
2026-05-17 15:18:11,878 - shared.shared_instances - DEBUG - Running authentication middleware...
2026-05-17 15:18:11,879 - shared.shared_instances - INFO - Current user from request state: email='user@example.com' id=UUID('4bcc9e76-1f3f-4119-a9c5-d24a9f00bd7d') role='user'
2026-05-17 15:18:11,880 - shared.shared_instances - DEBUG - Running authentication middleware...
2026-05-17 15:28:24,985 - shared.shared_instances - INFO - Database engine initialized
2026-05-17 15:28:24,985 - shared.shared_instances - INFO - Database engine initialized
2026-05-17 15:28:24,985 - shared.shared_instances - INFO - Database engine initialized
2026-05-17 15:28:24,985 - shared.shared_instances - INFO - Database engine initialized
2026-05-17 15:28:24,985 - shared.shared_instances - INFO - Database engine initialized
2026-05-17 15:28:24,985 - shared.shared_instances - INFO - Database engine initialized
2026-05-17 15:28:24,985 - shared.shared_instances - INFO - Database engine initialized
2026-05-17 15:28:24,985 - shared.shared_instances - INFO - Database engine initialized
2026-05-17 15:28:24,985 - shared.shared_instances - INFO - Database engine initialized
2026-05-17 15:28:24,985 - shared.shared_instances - INFO - Database engine initialized
2026-05-17 15:28:25,019 - shared.shared_instances - DEBUG - Extracted service-specific path for product-service: /products
2026-05-17 15:28:25,019 - shared.shared_instances - DEBUG - Built URL for service product-service (instance: http://product-service:8002/api/v1): http://product-service:8002/api/v1/products
2026-05-17 15:28:25,019 - shared.shared_instances - INFO - Forwarding request to: http://product-service:8002/api/v1/products with method: GET, Service path: /products, Body type: <class 'NoneType'>, Content-Type: None, Headers: {}
2026-05-17 15:28:25,019 - shared.shared_instances - DEBUG - Response from product-service: status=200
2026-05-17 15:28:25,020 - shared.shared_instances - ERROR - Service name: nonexistent-service is not recognized.
2026-05-17 15:28:25,021 - shared.shared_instances - DEBUG - Extracted service-specific path for product-service: /products
2026-05-17 15:28:25,021 - shared.shared_instances - DEBUG - Built URL for service product-service (instance: http://product-service:8002/api/v1): http://product-service:8002/api/v1/products
2026-05-17 15:28:25,021 - shared.shared_instances - INFO - Forwarding request to: http://product-service:8002/api/v1/products with method: GET, Service path: /products, Body type: <class 'NoneType'>, Content-Type: None, Headers: {}
2026-05-17 15:28:25,021 - shared.shared_instances - ERROR - Request error occurred: connection refused
2026-05-17 15:28:25,022 - shared.shared_instances - DEBUG - Extracted service-specific path for order-service: /orders
2026-05-17 15:28:25,022 - shared.shared_instances - DEBUG - Built URL for service order-service (instance: http://order-service:8005/api/v1): http://order-service:8005/api/v1/orders
2026-05-17 15:28:25,022 - shared.shared_instances - DEBUG - Prepared body content: {'user_id': 'abc', 'total': 50}
2026-05-17 15:28:25,022 - shared.shared_instances - INFO - Forwarding request to: http://order-service:8005/api/v1/orders with method: POST, Service path: /orders, Body type: <class 'dict'>, Content-Type: application/json, Headers: {'Content-Type': 'application/json'}
2026-05-17 15:28:25,022 - shared.shared_instances - DEBUG - Response from order-service: status=201
2026-05-17 15:28:25,042 - shared.shared_instances - DEBUG - Running authentication middleware...
2026-05-17 15:28:25,044 - shared.shared_instances - DEBUG - Running authentication middleware...
2026-05-17 15:28:25,046 - shared.shared_instances - DEBUG - Running authentication middleware...
2026-05-17 15:28:25,047 - shared.shared_instances - DEBUG - Running authentication middleware...
2026-05-17 15:28:25,048 - shared.shared_instances - DEBUG - Running authentication middleware...
2026-05-17 15:28:25,049 - shared.shared_instances - DEBUG - Running authentication middleware...
2026-05-17 15:28:25,051 - shared.shared_instances - DEBUG - Running authentication middleware...
2026-05-17 15:28:25,052 - shared.shared_instances - DEBUG - Running authentication middleware...
2026-05-17 15:28:25,053 - shared.shared_instances - DEBUG - Running authentication middleware...
2026-05-17 15:28:25,054 - shared.shared_instances - INFO - Current user from request state: email='admin@example.com' id=UUID('00bed96e-9bdc-4e1a-a4d5-ca7f4c047f21') role='shiba_inu'
2026-05-17 15:28:25,056 - shared.shared_instances - DEBUG - Running authentication middleware...
2026-05-17 15:28:25,056 - shared.shared_instances - INFO - Current user from request state: email='test@example.com' id=UUID('db5b3b7a-d8aa-4709-ae1d-f9179393d483') role='user'
2026-05-17 15:28:25,057 - shared.shared_instances - DEBUG - Running authentication middleware...
2026-05-17 15:28:25,058 - shared.shared_instances - INFO - Current user from request state: email='admin@example.com' id=UUID('00bed96e-9bdc-4e1a-a4d5-ca7f4c047f21') role='shiba_inu'
2026-05-17 15:28:25,059 - shared.shared_instances - DEBUG - Running authentication middleware...
2026-05-17 15:28:25,059 - shared.shared_instances - INFO - Current user from request state: email='test@example.com' id=UUID('db5b3b7a-d8aa-4709-ae1d-f9179393d483') role='user'
2026-05-17 15:28:25,061 - shared.shared_instances - DEBUG - Running authentication middleware...
2026-05-17 15:28:25,061 - shared.shared_instances - INFO - Current user from request state: email='admin@example.com' id=UUID('00bed96e-9bdc-4e1a-a4d5-ca7f4c047f21') role='shiba_inu'
2026-05-17 15:28:25,062 - shared.shared_instances - DEBUG - Running authentication middleware...
2026-05-17 15:28:25,063 - shared.shared_instances - INFO - Current user from request state: email='test@example.com' id=UUID('db5b3b7a-d8aa-4709-ae1d-f9179393d483') role='user'
2026-05-17 15:28:25,064 - shared.shared_instances - DEBUG - Running authentication middleware...
2026-05-17 15:28:25,064 - shared.shared_instances - INFO - Current user from request state: email='admin@example.com' id=UUID('00bed96e-9bdc-4e1a-a4d5-ca7f4c047f21') role='shiba_inu'
2026-05-17 15:28:25,066 - shared.shared_instances - DEBUG - Running authentication middleware...
2026-05-17 15:28:25,066 - shared.shared_instances - INFO - Current user from request state: email='admin@example.com' id=UUID('00bed96e-9bdc-4e1a-a4d5-ca7f4c047f21') role='shiba_inu'
2026-05-17 15:28:25,067 - shared.shared_instances - DEBUG - Running authentication middleware...
2026-05-17 15:28:25,067 - shared.shared_instances - INFO - Current user from request state: email='admin@example.com' id=UUID('00bed96e-9bdc-4e1a-a4d5-ca7f4c047f21') role='shiba_inu'
2026-05-17 15:28:25,069 - shared.shared_instances - DEBUG - Running authentication middleware...
2026-05-17 15:28:25,088 - shared.shared_instances - DEBUG - Running authentication middleware...
2026-05-17 15:28:25,088 - shared.shared_instances - INFO - Current user from request state: email='test@example.com' id=UUID('db5b3b7a-d8aa-4709-ae1d-f9179393d483') role='user'
2026-05-17 15:28:25,089 - shared.shared_instances - DEBUG - Running authentication middleware...
2026-05-17 15:28:25,090 - shared.shared_instances - INFO - Current user from request state: email='test@example.com' id=UUID('db5b3b7a-d8aa-4709-ae1d-f9179393d483') role='user'
2026-05-17 15:28:25,091 - shared.shared_instances - DEBUG - Running authentication middleware...
2026-05-17 15:28:25,091 - shared.shared_instances - INFO - Current user from request state: email='test@example.com' id=UUID('db5b3b7a-d8aa-4709-ae1d-f9179393d483') role='user'
2026-05-17 15:28:25,093 - shared.shared_instances - DEBUG - Running authentication middleware...
2026-05-17 15:28:25,095 - shared.shared_instances - DEBUG - Running authentication middleware...
2026-05-17 15:28:25,095 - shared.shared_instances - INFO - Current user from request state: email='test@example.com' id=UUID('db5b3b7a-d8aa-4709-ae1d-f9179393d483') role='user'
2026-05-17 15:28:25,096 - shared.shared_instances - DEBUG - Running authentication middleware...
2026-05-17 15:28:25,096 - shared.shared_instances - INFO - Current user from request state: email='test@example.com' id=UUID('db5b3b7a-d8aa-4709-ae1d-f9179393d483') role='user'
2026-05-17 15:28:25,096 - shared.shared_instances - WARNING - User id: b859813f-2901-4f30-8fa9-9ef267ee99f5 and / or user email: None is trying to acces not personal data
2026-05-17 15:28:25,098 - shared.shared_instances - DEBUG - Running authentication middleware...
2026-05-17 15:28:25,098 - shared.shared_instances - INFO - Current user from request state: email='test@example.com' id=UUID('db5b3b7a-d8aa-4709-ae1d-f9179393d483') role='user'
2026-05-17 15:28:25,099 - shared.shared_instances - DEBUG - Running authentication middleware...
2026-05-17 15:28:25,099 - shared.shared_instances - INFO - Current user from request state: email='test@example.com' id=UUID('db5b3b7a-d8aa-4709-ae1d-f9179393d483') role='user'
2026-05-17 15:28:25,101 - shared.shared_instances - DEBUG - Running authentication middleware...
2026-05-17 15:28:25,101 - shared.shared_instances - INFO - Current user from request state: email='test@example.com' id=UUID('db5b3b7a-d8aa-4709-ae1d-f9179393d483') role='user'
2026-05-17 15:28:25,103 - shared.shared_instances - DEBUG - Running authentication middleware...
2026-05-17 15:28:25,103 - shared.shared_instances - INFO - Current user from request state: email='admin@example.com' id=UUID('00bed96e-9bdc-4e1a-a4d5-ca7f4c047f21') role='shiba_inu'
2026-05-17 15:28:25,104 - shared.shared_instances - DEBUG - Running authentication middleware...
2026-05-17 15:28:25,104 - shared.shared_instances - INFO - Current user from request state: email='test@example.com' id=UUID('db5b3b7a-d8aa-4709-ae1d-f9179393d483') role='user'
2026-05-17 15:28:25,106 - shared.shared_instances - DEBUG - Running authentication middleware...
2026-05-17 15:28:25,106 - shared.shared_instances - INFO - Current user from request state: email='test@example.com' id=UUID('db5b3b7a-d8aa-4709-ae1d-f9179393d483') role='user'
2026-05-17 15:28:25,108 - shared.shared_instances - DEBUG - Running authentication middleware...
2026-05-17 15:28:25,108 - shared.shared_instances - INFO - Current user from request state: email='test@example.com' id=UUID('db5b3b7a-d8aa-4709-ae1d-f9179393d483') role='user'
2026-05-17 15:28:25,109 - shared.shared_instances - DEBUG - Running authentication middleware...
2026-05-17 15:28:25,109 - shared.shared_instances - INFO - Current user from request state: email='test@example.com' id=UUID('db5b3b7a-d8aa-4709-ae1d-f9179393d483') role='user'
2026-05-17 15:28:25,111 - shared.shared_instances - DEBUG - Running authentication middleware...
2026-05-17 15:28:25,111 - shared.shared_instances - INFO - Current user from request state: email='test@example.com' id=UUID('db5b3b7a-d8aa-4709-ae1d-f9179393d483') role='user'
2026-05-17 15:28:25,112 - shared.shared_instances - DEBUG - Running authentication middleware...
2026-05-17 15:28:25,112 - shared.shared_instances - INFO - Current user from request state: email='test@example.com' id=UUID('db5b3b7a-d8aa-4709-ae1d-f9179393d483') role='user'
2026-05-17 15:28:25,114 - shared.shared_instances - DEBUG - Running authentication middleware...
2026-05-17 15:28:25,115 - shared.shared_instances - INFO - Current user from request state: email='test@example.com' id=UUID('db5b3b7a-d8aa-4709-ae1d-f9179393d483') role='user'
2026-05-17 15:28:25,116 - shared.shared_instances - DEBUG - Running authentication middleware...
2026-05-17 15:28:25,117 - shared.shared_instances - INFO - Current user from request state: email='test@example.com' id=UUID('db5b3b7a-d8aa-4709-ae1d-f9179393d483') role='user'
2026-05-17 15:28:25,118 - shared.shared_instances - DEBUG - Running authentication middleware...
2026-05-17 15:28:25,119 - shared.shared_instances - INFO - Current user from request state: email='test@example.com' id=UUID('db5b3b7a-d8aa-4709-ae1d-f9179393d483') role='user'
2026-05-17 15:28:25,121 - shared.shared_instances - DEBUG - Running authentication middleware...
2026-05-17 15:28:25,122 - shared.shared_instances - DEBUG - Running authentication middleware...
2026-05-17 15:28:25,122 - shared.shared_instances - INFO - Current user from request state: email='admin@example.com' id=UUID('00bed96e-9bdc-4e1a-a4d5-ca7f4c047f21') role='shiba_inu'
2026-05-17 15:28:25,124 - shared.shared_instances - DEBUG - Running authentication middleware...
2026-05-17 15:28:25,124 - shared.shared_instances - INFO - Current user from request state: email='test@example.com' id=UUID('db5b3b7a-d8aa-4709-ae1d-f9179393d483') role='user'
2026-05-17 15:28:25,124 - shared.shared_instances - WARNING - User id: None and / or user email: None is trying to acces not personal data
2026-05-17 15:28:25,125 - shared.shared_instances - DEBUG - Running authentication middleware...
2026-05-17 15:28:25,126 - shared.shared_instances - INFO - Current user from request state: email='admin@example.com' id=UUID('00bed96e-9bdc-4e1a-a4d5-ca7f4c047f21') role='shiba_inu'
2026-05-17 15:28:25,127 - shared.shared_instances - DEBUG - Running authentication middleware...
2026-05-17 15:28:25,127 - shared.shared_instances - INFO - Current user from request state: email='test@example.com' id=UUID('db5b3b7a-d8aa-4709-ae1d-f9179393d483') role='user'
2026-05-17 15:28:25,129 - shared.shared_instances - DEBUG - Running authentication middleware...
2026-05-17 15:28:25,134 - shared.shared_instances - DEBUG - Running authentication middleware...
2026-05-17 15:28:25,135 - shared.shared_instances - DEBUG - Running authentication middleware...
2026-05-17 15:28:25,137 - shared.shared_instances - DEBUG - Running authentication middleware...
2026-05-17 15:28:25,138 - shared.shared_instances - DEBUG - Running authentication middleware...
2026-05-17 15:28:25,140 - shared.shared_instances - DEBUG - Running authentication middleware...
2026-05-17 15:28:25,141 - shared.shared_instances - DEBUG - Running authentication middleware...
2026-05-17 15:28:25,143 - shared.shared_instances - DEBUG - Running authentication middleware...
2026-05-17 15:28:25,144 - shared.shared_instances - DEBUG - Running authentication middleware...
2026-05-17 15:28:25,146 - shared.shared_instances - DEBUG - Running authentication middleware...
2026-05-17 15:28:25,147 - shared.shared_instances - DEBUG - Running authentication middleware...
2026-05-17 15:28:25,148 - shared.shared_instances - DEBUG - Running authentication middleware...
2026-05-17 15:28:25,149 - shared.shared_instances - INFO - Current user from request state: email='test@example.com' id=UUID('db5b3b7a-d8aa-4709-ae1d-f9179393d483') role='user'
2026-05-17 15:28:25,150 - shared.shared_instances - DEBUG - Running authentication middleware...
2026-05-17 15:28:25,150 - shared.shared_instances - INFO - Current user from request state: email='test@example.com' id=UUID('db5b3b7a-d8aa-4709-ae1d-f9179393d483') role='user'
2026-05-17 15:28:25,150 - shared.shared_instances - DEBUG - Generating cache key: api-gateway:cache:GET:/api/v1/users/db5b3b7a-d8aa-4709-ae1d-f9179393d483:, Original URL: http://testserver/api/v1/users/db5b3b7a-d8aa-4709-ae1d-f9179393d483, Raw path: /api/v1/users/db5b3b7a-d8aa-4709-ae1d-f9179393d483,Query params: 
2026-05-17 15:28:25,151 - shared.shared_instances - DEBUG - Using Redis connection: <redis.asyncio.client.Redis(<redis.asyncio.connection.ConnectionPool(<redis.asyncio.connection.Connection(host=redis,port=6379,db=0)>)>)>
2026-05-17 15:28:25,154 - shared.shared_instances - ERROR - Cache error in get_user_by_id: Error 8 connecting to redis:6379. nodename nor servname provided, or not known.
2026-05-17 15:28:25,156 - shared.shared_instances - DEBUG - Running authentication middleware...
2026-05-17 15:28:25,156 - shared.shared_instances - INFO - Current user from request state: email='test@example.com' id=UUID('db5b3b7a-d8aa-4709-ae1d-f9179393d483') role='user'
2026-05-17 15:28:25,157 - shared.shared_instances - DEBUG - Generating cache key: api-gateway:cache:GET:/api/v1/users/569dff9c-f7e6-42ea-9fed-ac769ce4764e:, Original URL: http://testserver/api/v1/users/569dff9c-f7e6-42ea-9fed-ac769ce4764e, Raw path: /api/v1/users/569dff9c-f7e6-42ea-9fed-ac769ce4764e,Query params: 
2026-05-17 15:28:25,159 - shared.shared_instances - ERROR - Cache error in get_user_by_id: Error 8 connecting to redis:6379. nodename nor servname provided, or not known.
2026-05-17 15:28:25,159 - shared.shared_instances - WARNING - User id: 569dff9c-f7e6-42ea-9fed-ac769ce4764e and / or user email: None is trying to acces not personal data
2026-05-17 15:28:25,160 - shared.shared_instances - DEBUG - Running authentication middleware...
2026-05-17 15:28:25,161 - shared.shared_instances - INFO - Current user from request state: email='test@example.com' id=UUID('db5b3b7a-d8aa-4709-ae1d-f9179393d483') role='user'
2026-05-17 15:28:25,162 - shared.shared_instances - DEBUG - Running authentication middleware...
2026-05-17 15:28:25,162 - shared.shared_instances - INFO - Current user from request state: email='test@example.com' id=UUID('db5b3b7a-d8aa-4709-ae1d-f9179393d483') role='user'
2026-05-17 15:28:25,164 - shared.shared_instances - DEBUG - Running authentication middleware...
2026-05-17 15:28:25,164 - shared.shared_instances - INFO - Current user from request state: email='admin@example.com' id=UUID('00bed96e-9bdc-4e1a-a4d5-ca7f4c047f21') role='shiba_inu'
2026-05-17 15:28:25,165 - shared.shared_instances - DEBUG - Running authentication middleware...
2026-05-17 15:28:25,166 - shared.shared_instances - INFO - Current user from request state: email='test@example.com' id=UUID('db5b3b7a-d8aa-4709-ae1d-f9179393d483') role='user'
2026-05-17 15:28:25,168 - shared.shared_instances - DEBUG - Running authentication middleware...
2026-05-17 15:28:29,797 - shared.shared_instances - INFO - Database engine initialized
2026-05-17 15:28:29,797 - shared.shared_instances - INFO - Database engine initialized
2026-05-17 15:28:29,797 - shared.shared_instances - INFO - Database engine initialized
2026-05-17 15:28:29,797 - shared.shared_instances - INFO - Database engine initialized
2026-05-17 15:28:29,797 - shared.shared_instances - INFO - Database engine initialized
2026-05-17 15:28:29,797 - shared.shared_instances - INFO - Database engine initialized
2026-05-17 15:28:29,797 - shared.shared_instances - INFO - Database engine initialized
2026-05-17 15:28:29,797 - shared.shared_instances - INFO - Database engine initialized
2026-05-17 15:28:29,797 - shared.shared_instances - INFO - Database engine initialized
2026-05-17 15:28:29,798 - shared.shared_instances - INFO - Database engine initialized
2026-05-17 15:28:35,285 - shared.shared_instances - INFO - Database engine initialized
2026-05-17 15:28:35,285 - shared.shared_instances - INFO - Database engine initialized
2026-05-17 15:28:35,285 - shared.shared_instances - INFO - Database engine initialized
2026-05-17 15:28:35,285 - shared.shared_instances - INFO - Database engine initialized
2026-05-17 15:28:35,285 - shared.shared_instances - INFO - Database engine initialized
2026-05-17 15:28:35,285 - shared.shared_instances - INFO - Database engine initialized
2026-05-17 15:28:35,285 - shared.shared_instances - INFO - Database engine initialized
2026-05-17 15:28:35,286 - shared.shared_instances - INFO - Database engine initialized
2026-05-17 15:28:35,286 - shared.shared_instances - INFO - Database engine initialized
2026-05-17 15:28:35,286 - shared.shared_instances - INFO - Database engine initialized
2026-05-17 15:28:36,137 - shared.shared_instances - INFO - Database engine initialized
2026-05-17 15:28:36,138 - shared.shared_instances - INFO - Database engine initialized
2026-05-17 15:28:36,138 - shared.shared_instances - INFO - Database engine initialized
2026-05-17 15:28:36,138 - shared.shared_instances - INFO - Database engine initialized
2026-05-17 15:28:36,138 - shared.shared_instances - INFO - Database engine initialized
2026-05-17 15:28:36,138 - shared.shared_instances - INFO - Database engine initialized
2026-05-17 15:28:36,138 - shared.shared_instances - INFO - Database engine initialized
2026-05-17 15:28:36,138 - shared.shared_instances - INFO - Database engine initialized
2026-05-17 15:28:36,138 - shared.shared_instances - INFO - Database engine initialized
2026-05-17 15:28:36,138 - shared.shared_instances - INFO - Database engine initialized
2026-05-17 15:28:41,001 - shared.shared_instances - INFO - Database engine initialized
2026-05-17 15:28:41,001 - shared.shared_instances - INFO - Database engine initialized
2026-05-17 15:28:41,001 - shared.shared_instances - INFO - Database engine initialized
2026-05-17 15:28:41,001 - shared.shared_instances - INFO - Database engine initialized
2026-05-17 15:28:41,001 - shared.shared_instances - INFO - Database engine initialized
2026-05-17 15:28:41,001 - shared.shared_instances - INFO - Database engine initialized
2026-05-17 15:28:41,001 - shared.shared_instances - INFO - Database engine initialized
2026-05-17 15:28:41,001 - shared.shared_instances - INFO - Database engine initialized
2026-05-17 15:28:41,001 - shared.shared_instances - INFO - Database engine initialized
2026-05-17 15:28:41,001 - shared.shared_instances - INFO - Database engine initialized
2026-05-17 16:33:49,553 - shared.shared_instances - INFO - Database engine initialized
2026-05-17 16:33:49,554 - shared.shared_instances - INFO - Database engine initialized
2026-05-17 16:33:49,554 - shared.shared_instances - INFO - Database engine initialized
2026-05-17 16:33:49,554 - shared.shared_instances - INFO - Database engine initialized
2026-05-17 16:33:49,554 - shared.shared_instances - INFO - Database engine initialized
2026-05-17 16:33:49,554 - shared.shared_instances - INFO - Database engine initialized
2026-05-17 16:33:49,554 - shared.shared_instances - INFO - Database engine initialized
2026-05-17 16:33:49,554 - shared.shared_instances - INFO - Database engine initialized
2026-05-17 16:33:49,554 - shared.shared_instances - INFO - Database engine initialized
2026-05-17 16:33:49,554 - shared.shared_instances - INFO - Database engine initialized
2026-05-17 16:33:49,602 - shared.shared_instances - ERROR - Unexpected error during database initialization: the greenlet library is required to use this function. No module named 'greenlet'
2026-05-17 16:33:49,667 - shared.shared_instances - ERROR - Unexpected error during database initialization: the greenlet library is required to use this function. No module named 'greenlet'
2026-05-17 16:33:49,694 - shared.shared_instances - ERROR - Unexpected error during database initialization: the greenlet library is required to use this function. No module named 'greenlet'
2026-05-17 16:33:49,747 - shared.shared_instances - ERROR - Unexpected error during database initialization: the greenlet library is required to use this function. No module named 'greenlet'
2026-05-17 16:33:49,775 - shared.shared_instances - ERROR - Unexpected error during database initialization: the greenlet library is required to use this function. No module named 'greenlet'
2026-05-17 16:33:49,802 - shared.shared_instances - ERROR - Unexpected error during database initialization: the greenlet library is required to use this function. No module named 'greenlet'
2026-05-17 16:33:49,828 - shared.shared_instances - ERROR - Unexpected error during database initialization: the greenlet library is required to use this function. No module named 'greenlet'
2026-05-17 16:33:49,855 - shared.shared_instances - ERROR - Unexpected error during database initialization: the greenlet library is required to use this function. No module named 'greenlet'
2026-05-17 16:33:49,882 - shared.shared_instances - ERROR - Unexpected error during database initialization: the greenlet library is required to use this function. No module named 'greenlet'
2026-05-17 16:33:49,908 - shared.shared_instances - ERROR - Unexpected error during database initialization: the greenlet library is required to use this function. No module named 'greenlet'
2026-05-17 16:33:49,933 - shared.shared_instances - ERROR - Unexpected error during database initialization: the greenlet library is required to use this function. No module named 'greenlet'
2026-05-17 16:33:56,805 - shared.shared_instances - INFO - Database engine initialized
2026-05-17 16:33:56,806 - shared.shared_instances - INFO - Database engine initialized
2026-05-17 16:33:56,806 - shared.shared_instances - INFO - Database engine initialized
2026-05-17 16:33:56,806 - shared.shared_instances - INFO - Database engine initialized
2026-05-17 16:33:56,806 - shared.shared_instances - INFO - Database engine initialized
2026-05-17 16:33:56,806 - shared.shared_instances - INFO - Database engine initialized
2026-05-17 16:33:56,806 - shared.shared_instances - INFO - Database engine initialized
2026-05-17 16:33:56,806 - shared.shared_instances - INFO - Database engine initialized
2026-05-17 16:33:56,806 - shared.shared_instances - INFO - Database engine initialized
2026-05-17 16:33:56,806 - shared.shared_instances - INFO - Database engine initialized
2026-05-17 16:59:09,446 - shared.shared_instances - INFO - Database engine initialized
2026-05-17 16:59:09,447 - shared.shared_instances - INFO - Database engine initialized
2026-05-17 16:59:09,447 - shared.shared_instances - INFO - Database engine initialized
2026-05-17 16:59:09,447 - shared.shared_instances - INFO - Database engine initialized
2026-05-17 16:59:09,447 - shared.shared_instances - INFO - Database engine initialized
2026-05-17 16:59:09,447 - shared.shared_instances - INFO - Database engine initialized
2026-05-17 16:59:09,447 - shared.shared_instances - INFO - Database engine initialized
2026-05-17 16:59:09,447 - shared.shared_instances - INFO - Database engine initialized
2026-05-17 16:59:09,447 - shared.shared_instances - INFO - Database engine initialized
2026-05-17 16:59:09,447 - shared.shared_instances - INFO - Database engine initialized
